bash
bunzip2
bzcat
bzcmp
bzdiff
bzegrep
bzexe
bzfgrep
bzgrep
bzip2
bzip2recover
bzless
bzmore
cat
chgrp
chmod
chown
cp
dash
date
dd
df
dir
dmesg
dnsdomainname
domainname
echo
egrep
false
fgrep
findmnt
grep
gunzip
gzexe
gzip
hostname
journalctl
kill
ln
login
loginctl
ls
lsblk
mkdir
mknod
mktemp
more
mount
mountpoint
mv
nano
networkctl
nisdomainname
pidof
ps
pwd
rbash
readlink
rm
rmdir
rnano
run-parts
sed
sh
sh.distrib
sleep
start.sh
stty
su
sync
systemctl
systemd
systemd-ask-password
systemd-escape
systemd-inhibit
systemd-machine-id-setup
systemd-notify
systemd-sysusers
systemd-tmpfiles
systemd-tty-ask-password-agent
tar
tempfile
touch
true
umount
uname
uncompress
vdir
wdctl
which
ypdomainname
zcat
zcmp
zdiff
zegrep
zfgrep
zforce
zgrep
zless
zmore
znew
Hello from parent, child pid = 346916
