
bomb:     file format elf64-x86-64

SYMBOL TABLE:
0000000000000318 l    d  .interp	0000000000000000              .interp
0000000000000338 l    d  .note.gnu.property	0000000000000000              .note.gnu.property
0000000000000358 l    d  .note.gnu.build-id	0000000000000000              .note.gnu.build-id
000000000000037c l    d  .note.ABI-tag	0000000000000000              .note.ABI-tag
00000000000003a0 l    d  .gnu.hash	0000000000000000              .gnu.hash
00000000000003d8 l    d  .dynsym	0000000000000000              .dynsym
00000000000006f0 l    d  .dynstr	0000000000000000              .dynstr
000000000000088e l    d  .gnu.version	0000000000000000              .gnu.version
00000000000008d0 l    d  .gnu.version_r	0000000000000000              .gnu.version_r
0000000000000930 l    d  .rela.dyn	0000000000000000              .rela.dyn
0000000000000ab0 l    d  .rela.plt	0000000000000000              .rela.plt
0000000000001000 l    d  .init	0000000000000000              .init
0000000000001020 l    d  .plt	0000000000000000              .plt
00000000000011b0 l    d  .plt.got	0000000000000000              .plt.got
00000000000011c0 l    d  .plt.sec	0000000000000000              .plt.sec
0000000000001340 l    d  .text	0000000000000000              .text
0000000000002808 l    d  .fini	0000000000000000              .fini
0000000000003000 l    d  .rodata	0000000000000000              .rodata
000000000000338c l    d  .eh_frame_hdr	0000000000000000              .eh_frame_hdr
0000000000003488 l    d  .eh_frame	0000000000000000              .eh_frame
0000000000004d00 l    d  .init_array	0000000000000000              .init_array
0000000000004d08 l    d  .fini_array	0000000000000000              .fini_array
0000000000004d10 l    d  .dynamic	0000000000000000              .dynamic
0000000000004f00 l    d  .got	0000000000000000              .got
0000000000005000 l    d  .data	0000000000000000              .data
0000000000005080 l    d  .bss	0000000000000000              .bss
0000000000000000 l    d  .comment	0000000000000000              .comment
0000000000000000 l    d  .debug_aranges	0000000000000000              .debug_aranges
0000000000000000 l    d  .debug_info	0000000000000000              .debug_info
0000000000000000 l    d  .debug_abbrev	0000000000000000              .debug_abbrev
0000000000000000 l    d  .debug_line	0000000000000000              .debug_line
0000000000000000 l    d  .debug_str	0000000000000000              .debug_str
0000000000000000 l    d  .debug_loc	0000000000000000              .debug_loc
0000000000000000 l    df *ABS*	0000000000000000              crtstuff.c
0000000000001370 l     F .text	0000000000000000              deregister_tm_clones
00000000000013a0 l     F .text	0000000000000000              register_tm_clones
00000000000013e0 l     F .text	0000000000000000              __do_global_dtors_aux
00000000000050a8 l     O .bss	0000000000000001              completed.8060
0000000000004d08 l     O .fini_array	0000000000000000              __do_global_dtors_aux_fini_array_entry
0000000000001420 l     F .text	0000000000000000              frame_dummy
0000000000004d00 l     O .init_array	0000000000000000              __frame_dummy_init_array_entry
0000000000000000 l    df *ABS*	0000000000000000              bomb.c
0000000000000000 l    df *ABS*	0000000000000000              phases.c
0000000000000000 l    df *ABS*	0000000000000000              support.c
00000000000017e2 l     F .text	0000000000000062              sig_handler
0000000000000000 l    df *ABS*	0000000000000000              driverlib.c
0000000000001bef l     F .text	00000000000000c9              rio_readlineb
0000000000000000 l    df *ABS*	0000000000000000              crtstuff.c
00000000000038d4 l     O .eh_frame	0000000000000000              __FRAME_END__
0000000000000000 l    df *ABS*	0000000000000000              
0000000000004d08 l       .init_array	0000000000000000              __init_array_end
0000000000004d10 l     O .dynamic	0000000000000000              _DYNAMIC
0000000000004d00 l       .init_array	0000000000000000              __init_array_start
000000000000338c l       .eh_frame_hdr	0000000000000000              __GNU_EH_FRAME_HDR
0000000000004f00 l     O .got	0000000000000000              _GLOBAL_OFFSET_TABLE_
0000000000001000 l     F .init	0000000000000000              _init
0000000000002800 g     F .text	0000000000000005              __libc_csu_fini
0000000000001954 g     F .text	0000000000000052              skip
0000000000000000       F *UND*	0000000000000000              getenv@@GLIBC_2.2.5
0000000000001b96 g     F .text	0000000000000023              phase_defused
0000000000000000       F *UND*	0000000000000000              __errno_location@@GLIBC_2.2.5
0000000000000000  w      *UND*	0000000000000000              _ITM_deregisterTMCloneTable
0000000000005080 g     O .bss	0000000000000008              stdout@@GLIBC_2.2.5
0000000000005000  w      .data	0000000000000000              data_start
0000000000005500 g     O .bss	0000000000000640              input_strings
0000000000000000       F *UND*	0000000000000000              strcpy@@GLIBC_2.2.5
0000000000000000       F *UND*	0000000000000000              puts@@GLIBC_2.2.5
0000000000005090 g     O .bss	0000000000000008              stdin@@GLIBC_2.2.5
0000000000000000       F *UND*	0000000000000000              write@@GLIBC_2.2.5
0000000000005070 g       .data	0000000000000000              _edata
0000000000002808 g     F .fini	0000000000000000              .hidden _fini
0000000000000000       F *UND*	0000000000000000              __stack_chk_fail@@GLIBC_2.4
00000000000050c0 g     O .bss	0000000000000004              num_input_strings
0000000000001910 g     F .text	0000000000000005              initialize_bomb_solve
0000000000001915 g     F .text	000000000000003f              blank_line
0000000000001cb8 g     F .text	000000000000082f              submitr
00000000000015cf g     F .text	000000000000017a              phase_3
000000000000154b g     F .text	0000000000000024              phase_1
0000000000001844 g     F .text	000000000000002d              invalid_phase
0000000000002515 g     F .text	00000000000001f5              init_driver
0000000000000000       F *UND*	0000000000000000              alarm@@GLIBC_2.2.5
0000000000000000       F *UND*	0000000000000000              close@@GLIBC_2.2.5
0000000000005040 g     O .data	0000000000000010              node3
0000000000000000       F *UND*	0000000000000000              read@@GLIBC_2.2.5
0000000000000000       F *UND*	0000000000000000              __libc_start_main@@GLIBC_2.2.5
0000000000000000       F *UND*	0000000000000000              fgets@@GLIBC_2.2.5
00000000000019a6 g     F .text	000000000000002c              explode_bomb
0000000000005020 g     O .data	0000000000000010              node1
0000000000005000 g       .data	0000000000000000              __data_start
0000000000000000       F *UND*	0000000000000000              signal@@GLIBC_2.2.5
0000000000000000       F *UND*	0000000000000000              gethostbyname@@GLIBC_2.2.5
0000000000005060 g     O .data	0000000000000010              node5
0000000000000000       F *UND*	0000000000000000              __memmove_chk@@GLIBC_2.3.4
0000000000000000  w      *UND*	0000000000000000              __gmon_start__
0000000000005008 g     O .data	0000000000000000              .hidden __dso_handle
0000000000003000 g     O .rodata	0000000000000004              _IO_stdin_used
00000000000050e0 g     O .bss	0000000000000400              host_table
0000000000001871 g     F .text	0000000000000021              string_length
0000000000002790 g     F .text	0000000000000065              __libc_csu_init
0000000000000000       F *UND*	0000000000000000              fflush@@GLIBC_2.2.5
0000000000000000       F *UND*	0000000000000000              __isoc99_sscanf@@GLIBC_2.7
0000000000005b90 g       .bss	0000000000000000              _end
0000000000001340 g     F .text	000000000000002f              _start
00000000000054e0 g     O .bss	0000000000000008              infile
0000000000001bb9 g     F .text	0000000000000036              sigalrm_handler
00000000000024e7 g     F .text	000000000000002e              init_timeout
0000000000005070 g       .bss	0000000000000000              __bss_start
0000000000001429 g     F .text	0000000000000122              main
0000000000000000       F *UND*	0000000000000000              __printf_chk@@GLIBC_2.3.4
0000000000001a4e g     F .text	0000000000000148              read_line
0000000000001892 g     F .text	0000000000000060              strings_not_equal
0000000000001749 g     F .text	0000000000000099              phase_4
0000000000000000       F *UND*	0000000000000000              fopen@@GLIBC_2.2.5
0000000000005b40 g     O .bss	0000000000000050              scratch
000000000000270a g     F .text	0000000000000077              driver_post
000000000000156f g     F .text	0000000000000060              phase_2
0000000000000000       F *UND*	0000000000000000              exit@@GLIBC_2.2.5
00000000000050ac g     O .bss	0000000000000004              bomb_id
0000000000000000       F *UND*	0000000000000000              connect@@GLIBC_2.2.5
0000000000005070 g     O .data	0000000000000000              .hidden __TMC_END__
0000000000000000       F *UND*	0000000000000000              __fprintf_chk@@GLIBC_2.3.4
00000000000019d2 g     F .text	0000000000000037              read_four_numbers
0000000000000000  w      *UND*	0000000000000000              _ITM_registerTMCloneTable
0000000000005030 g     O .data	0000000000000010              node2
0000000000005050 g     O .data	0000000000000010              node4
0000000000000000       F *UND*	0000000000000000              sleep@@GLIBC_2.2.5
0000000000005010 g     O .data	0000000000000010              node6
0000000000000000  w    F *UND*	0000000000000000              __cxa_finalize@@GLIBC_2.2.5
0000000000001a09 g     F .text	0000000000000045              read_six_numbers
00000000000018f2 g     F .text	000000000000001e              initialize_bomb
0000000000000000       F *UND*	0000000000000000              __ctype_b_loc@@GLIBC_2.3
00000000000050a0 g     O .bss	0000000000000008              stderr@@GLIBC_2.2.5
0000000000000000       F *UND*	0000000000000000              __sprintf_chk@@GLIBC_2.3.4
0000000000000000       F *UND*	0000000000000000              socket@@GLIBC_2.2.5


